#
# A fatal error has been detected by the Java Runtime Environment:
#
#  EXCEPTION_ACCESS_VIOLATION (0xc0000005) at pc=0x0000000057334419, pid=1788, tid=3520
#
# JRE version: Java(TM) SE Runtime Environment (7.0_45-b18) (build 1.7.0_45-b18)
# Java VM: Java HotSpot(TM) 64-Bit Server VM (24.45-b08 mixed mode windows-amd64 compressed oops)
# Problematic frame:
# V  [jvm.dll+0x54419]
#
# Failed to write core dump. Minidumps are not enabled by default on client versions of Windows
#
# If you would like to submit a bug report, please visit:
#   http://bugreport.sun.com/bugreport/crash.jsp
#

---------------  T H R E A D  ---------------

Current thread (0x00000000080f5000):  JavaThread "JDWP Transport Listener: dt_socket" daemon [_thread_in_vm, id=3520, stack(0x0000000009af0000,0x0000000009bf0000)]

siginfo: ExceptionCode=0xc0000005, reading address 0x000000000000000c

Registers:
RAX=0x000000000000000c, RBX=0x00000000080f5000, RCX=0x0000000000000000, RDX=0x0000000000000000
RSP=0x0000000009bef150, RBP=0x000000000000000c, RSI=0x0000000000000000, RDI=0x0000000000000010
R8 =0x00000000eac3ad70, R9 =0x0000000000000000, R10=0x0000000000000000, R11=0x0000000000000001
R12=0x0000000000000000, R13=0x00000000080fd938, R14=0x0000000000000000, R15=0x0000000000000000
RIP=0x0000000057334419, EFLAGS=0x0000000000010246

Top of Stack: (sp=0x0000000009bef150)
0x0000000009bef150:   00000000080f5000 0000000000000000
0x0000000009bef160:   0000000000000000 00000000080f5000
0x0000000009bef170:   0000000000000000 00000000573fb2b7
0x0000000009bef180:   00000000eac3ad70 0000000009bef2a0
0x0000000009bef190:   0000000008114038 0000000009bef270
0x0000000009bef1a0:   00000000080f5000 0000000000000000
0x0000000009bef1b0:   0000000008114038 0000000009bef2a0
0x0000000009bef1c0:   0000000000000000 00000000080fd938
0x0000000009bef1d0:   0000000000000000 0000000062467d15
0x0000000009bef1e0:   0000000009bef270 0000000009bef2a0
0x0000000009bef1f0:   0000000008114038 00000000080f51e8
0x0000000009bef200:   000000000816f30a 000000006246f08c
0x0000000009bef210:   0000000008010a01 0000000009bef310
0x0000000009bef220:   00000000080fd501 000000000809c710
0x0000000009bef230:   000005f300000013 0000000008010a00
0x0000000009bef240:   00000000020bb030 000000005746bcca 

Instructions: (pc=0x0000000057334419)
0x00000000573343f9:   d2 48 8b c5 eb 18 48 8b d0 48 8b c5 48 d3 e2 48
0x0000000057334409:   03 15 a1 74 69 00 eb 06 48 8b 12 48 8b c7 48 98
0x0000000057334419:   8b 14 10 85 d2 74 2a 45 84 db 4c 63 c6 48 0f 45
0x0000000057334429:   fd 8d 47 0b 48 63 c8 48 83 e1 f8 48 c1 e9 03 8d 


Register to memory mapping:

RAX=0x000000000000000c is an unknown value
RBX=0x00000000080f5000 is a thread
RCX=0x0000000000000000 is an unknown value
RDX=0x0000000000000000 is an unknown value
RSP=0x0000000009bef150 is pointing into the stack for thread: 0x00000000080f5000
RBP=0x000000000000000c is an unknown value
RSI=0x0000000000000000 is an unknown value
RDI=0x0000000000000010 is an unknown value
R8 =0x00000000eac3ad70 is an oop
java.lang.String 
 - klass: 'java/lang/String'
R9 =0x0000000000000000 is an unknown value
R10=0x0000000000000000 is an unknown value
R11=0x0000000000000001 is an unknown value
R12=0x0000000000000000 is an unknown value
R13=0x00000000080fd938 is an unknown value
R14=0x0000000000000000 is an unknown value
R15=0x0000000000000000 is an unknown value


Stack: [0x0000000009af0000,0x0000000009bf0000],  sp=0x0000000009bef150,  free space=1020k
Native frames: (J=compiled Java code, j=interpreted, Vv=VM code, C=native code)
V  [jvm.dll+0x54419]


---------------  P R O C E S S  ---------------

Java Threads: ( => current thread )
  0x0000000008126000 JavaThread "Service Thread" daemon [_thread_blocked, id=3960, stack(0x000000000a310000,0x000000000a410000)]
  0x0000000008124800 JavaThread "C2 CompilerThread1" daemon [_thread_blocked, id=4748, stack(0x0000000009d40000,0x0000000009e40000)]
  0x0000000008116000 JavaThread "C2 CompilerThread0" daemon [_thread_blocked, id=6080, stack(0x000000000a050000,0x000000000a150000)]
  0x0000000008108800 JavaThread "JDWP Command Reader" daemon [_thread_in_native, id=860, stack(0x0000000009e90000,0x0000000009f90000)]
  0x0000000008105800 JavaThread "JDWP Event Helper Thread" daemon [_thread_blocked, id=3480, stack(0x00000000098b0000,0x00000000099b0000)]
=>0x00000000080f5000 JavaThread "JDWP Transport Listener: dt_socket" daemon [_thread_in_vm, id=3520, stack(0x0000000009af0000,0x0000000009bf0000)]
  0x00000000080ee800 JavaThread "Attach Listener" daemon [_thread_blocked, id=4176, stack(0x00000000092d0000,0x00000000093d0000)]
  0x00000000080ed000 JavaThread "Signal Dispatcher" daemon [_thread_blocked, id=3104, stack(0x0000000009050000,0x0000000009150000)]
  0x000000000218f000 JavaThread "Finalizer" daemon [_thread_blocked, id=2620, stack(0x0000000008b00000,0x0000000008c00000)]
  0x0000000002189000 JavaThread "Reference Handler" daemon [_thread_blocked, id=4608, stack(0x0000000008e50000,0x0000000008f50000)]
  0x0000000001c1f000 JavaThread "main" [_thread_blocked, id=848, stack(0x00000000024c0000,0x00000000025c0000)]

Other Threads:
  0x0000000002187000 VMThread [stack: 0x0000000008ce0000,0x0000000008de0000] [id=3544]
  0x0000000008130000 WatcherThread [stack: 0x000000000a470000,0x000000000a570000] [id=5032]

VM state:not at safepoint (normal execution)

VM Mutex/Monitor currently owned by a thread: None

Heap
 PSYoungGen      total 19456K, used 1355K [0x00000000eab00000, 0x00000000ec080000, 0x0000000100000000)
  eden space 16896K, 8% used [0x00000000eab00000,0x00000000eac52e58,0x00000000ebb80000)
  from space 2560K, 0% used [0x00000000ebe00000,0x00000000ebe00000,0x00000000ec080000)
  to   space 2560K, 0% used [0x00000000ebb80000,0x00000000ebb80000,0x00000000ebe00000)
 ParOldGen       total 43520K, used 0K [0x00000000c0200000, 0x00000000c2c80000, 0x00000000eab00000)
  object space 43520K, 0% used [0x00000000c0200000,0x00000000c0200000,0x00000000c2c80000)
 PSPermGen       total 21504K, used 3141K [0x00000000bb000000, 0x00000000bc500000, 0x00000000c0200000)
  object space 21504K, 14% used [0x00000000bb000000,0x00000000bb311420,0x00000000bc500000)

Card table byte_map: [0x00000000055c0000,0x00000000057f0000] byte_map_base: 0x0000000004fe8000

Polling page: 0x0000000000420000

Code Cache  [0x00000000025c0000, 0x0000000002830000, 0x00000000055c0000)
 total_blobs=183 nmethods=2 adapters=143 free_code_cache=48766Kb largest_free_block=49925504

Compilation events (4 events):
Event: 1099.395 Thread 0x0000000008116000    1             java.lang.String::indexOf (70 bytes)
Event: 1099.424 Thread 0x0000000008116000 nmethod 1 0x000000000261f6d0 code [0x000000000261f820, 0x000000000261fa08]
Event: 1099.456 Thread 0x0000000008124800    2             java.lang.String::hashCode (55 bytes)
Event: 1099.464 Thread 0x0000000008124800 nmethod 2 0x0000000002622f10 code [0x0000000002623040, 0x00000000026231b8]

GC Heap History (0 events):
No events

Deoptimization events (0 events):
No events

Internal exceptions (10 events):
Event: 1099.391 Thread 0x0000000001c1f000 Threw 0x00000000eabc0030 at C:\re\jdk7u45\229\hotspot\src\share\vm\prims\jvm.cpp:1244
Event: 1099.392 Thread 0x0000000001c1f000 Threw 0x00000000eabc1b30 at C:\re\jdk7u45\229\hotspot\src\share\vm\prims\jvm.cpp:1244
Event: 1099.393 Thread 0x0000000001c1f000 Threw 0x00000000eabc31f0 at C:\re\jdk7u45\229\hotspot\src\share\vm\prims\jvm.cpp:1244
Event: 1099.393 Thread 0x0000000001c1f000 Threw 0x00000000eabc5388 at C:\re\jdk7u45\229\hotspot\src\share\vm\prims\jvm.cpp:1244
Event: 1099.394 Thread 0x0000000001c1f000 Threw 0x00000000eabc7498 at C:\re\jdk7u45\229\hotspot\src\share\vm\prims\jvm.cpp:1244
Event: 1099.442 Thread 0x0000000001c1f000 Threw 0x00000000eabe6de0 at C:\re\jdk7u45\229\hotspot\src\share\vm\prims\jvm.cpp:1244
Event: 1099.442 Thread 0x0000000001c1f000 Threw 0x00000000eabe6f08 at C:\re\jdk7u45\229\hotspot\src\share\vm\prims\jvm.cpp:1244
Event: 1099.443 Thread 0x0000000001c1f000 Threw 0x00000000eabeab80 at C:\re\jdk7u45\229\hotspot\src\share\vm\prims\jvm.cpp:1244
Event: 1099.443 Thread 0x0000000001c1f000 Threw 0x00000000eabeaca8 at C:\re\jdk7u45\229\hotspot\src\share\vm\prims\jvm.cpp:1244
Event: 1104.858 Thread 0x0000000001c1f000 Threw 0x00000000eac03070 at C:\re\jdk7u45\229\hotspot\src\share\vm\prims\jvm.cpp:1244

Events (10 events):
Event: 1147.479 Executing VM operation: GetCurrentLocation
Event: 1147.479 Executing VM operation: GetCurrentLocation done
Event: 1147.479 Executing VM operation: ChangeSingleStep
Event: 1147.479 Executing VM operation: ChangeSingleStep done
Event: 1147.480 Executing VM operation: ChangeSingleStep
Event: 1147.480 Executing VM operation: ChangeSingleStep done
Event: 1147.502 Executing VM operation: GetOrSetLocal
Event: 1147.502 Executing VM operation: GetOrSetLocal done
Event: 1147.509 Executing VM operation: GetOrSetLocal
Event: 1147.509 Executing VM operation: GetOrSetLocal done


Dynamic libraries:
0x000000013fb20000 - 0x000000013fb53000 	C:\Program Files\Java\jdk1.7.0_45\bin\javaw.exe
0x0000000077900000 - 0x0000000077aa9000 	C:\Windows\SYSTEM32\ntdll.dll
0x00000000777e0000 - 0x00000000778ff000 	C:\Windows\system32\kernel32.dll
0x000007fefda70000 - 0x000007fefdadb000 	C:\Windows\system32\KERNELBASE.dll
0x000007fefe280000 - 0x000007fefe35b000 	C:\Windows\system32\ADVAPI32.dll
0x000007fefdb80000 - 0x000007fefdc1f000 	C:\Windows\system32\msvcrt.dll
0x000007fefebb0000 - 0x000007fefebcf000 	C:\Windows\SYSTEM32\sechost.dll
0x000007fefe8c0000 - 0x000007fefe9ed000 	C:\Windows\system32\RPCRT4.dll
0x00000000776e0000 - 0x00000000777da000 	C:\Windows\system32\USER32.dll
0x000007fefebd0000 - 0x000007fefec37000 	C:\Windows\system32\GDI32.dll
0x000007fefee50000 - 0x000007fefee5e000 	C:\Windows\system32\LPK.dll
0x000007fefe1b0000 - 0x000007fefe279000 	C:\Windows\system32\USP10.dll
0x000007fefc150000 - 0x000007fefc344000 	C:\Windows\WinSxS\amd64_microsoft.windows.common-controls_6595b64144ccf1df_6.0.7601.17514_none_fa396087175ac9ac\COMCTL32.dll
0x000007fefdd80000 - 0x000007fefddf1000 	C:\Windows\system32\SHLWAPI.dll
0x000007fefe7f0000 - 0x000007fefe81e000 	C:\Windows\system32\IMM32.DLL
0x000007fefde60000 - 0x000007fefdf69000 	C:\Windows\system32\MSCTF.dll
0x00000000617a0000 - 0x0000000061872000 	C:\Program Files\Java\jdk1.7.0_45\jre\bin\msvcr100.dll
0x00000000572e0000 - 0x0000000057aa9000 	C:\Program Files\Java\jdk1.7.0_45\jre\bin\server\jvm.dll
0x000007fef7730000 - 0x000007fef7739000 	C:\Windows\system32\WSOCK32.dll
0x000007fefea70000 - 0x000007fefeabd000 	C:\Windows\system32\WS2_32.dll
0x000007fefeba0000 - 0x000007fefeba8000 	C:\Windows\system32\NSI.dll
0x000007fefb700000 - 0x000007fefb73b000 	C:\Windows\system32\WINMM.dll
0x0000000077ad0000 - 0x0000000077ad7000 	C:\Windows\system32\PSAPI.DLL
0x0000000069340000 - 0x000000006934f000 	C:\Program Files\Java\jdk1.7.0_45\jre\bin\verify.dll
0x0000000063020000 - 0x0000000063048000 	C:\Program Files\Java\jdk1.7.0_45\jre\bin\java.dll
0x0000000062460000 - 0x0000000062495000 	C:\Program Files\Java\jdk1.7.0_45\jre\bin\jdwp.dll
0x0000000069350000 - 0x0000000069358000 	C:\Program Files\Java\jdk1.7.0_45\jre\bin\npt.dll
0x0000000066e30000 - 0x0000000066e45000 	C:\Program Files\Java\jdk1.7.0_45\jre\bin\zip.dll
0x0000000068300000 - 0x0000000068309000 	C:\Program Files\Java\jdk1.7.0_45\jre\bin\dt_socket.dll
0x000007fefb530000 - 0x000007fefb545000 	C:\Windows\system32\NLAapi.dll
0x000007fef86a0000 - 0x000007fef86b5000 	C:\Windows\system32\napinsp.dll
0x000007fef86c0000 - 0x000007fef86d9000 	C:\Windows\system32\pnrpnsp.dll
0x000007fefcee0000 - 0x000007fefcf35000 	C:\Windows\System32\mswsock.dll
0x000007fefcd60000 - 0x000007fefcdbb000 	C:\Windows\system32\DNSAPI.dll
0x000007fef8690000 - 0x000007fef869b000 	C:\Windows\System32\winrnr.dll
0x000007fefa980000 - 0x000007fefa9a7000 	C:\Windows\system32\IPHLPAPI.DLL
0x000007fefa970000 - 0x000007fefa97b000 	C:\Windows\system32\WINNSI.DLL
0x000007fefa7b0000 - 0x000007fefa803000 	C:\Windows\System32\fwpuclnt.dll
0x000007fef8980000 - 0x000007fef8988000 	C:\Windows\system32\rasadhlp.dll
0x000007fefc8e0000 - 0x000007fefc8e7000 	C:\Windows\System32\wshtcpip.dll
0x000007fefb100000 - 0x000007fefb225000 	C:\Windows\system32\dbghelp.dll

VM Arguments:
jvm_args: -agentlib:jdwp=transport=dt_socket,suspend=y,address=localhost:56917 -Dfile.encoding=Cp1252 
java_command: br.edu.ifes.ppo1.xadrez.application.Application
Launcher Type: SUN_STANDARD

Environment Variables:
PATH=C:\Program Files\Java\jdk1.7.0_45\jre\bin;C:\Windows\system32;C:\Windows;C:\Windows\System32\Wbem;C:\Windows\System32\WindowsPowerShell\v1.0\
USERNAME=Felipe
OS=Windows_NT
PROCESSOR_IDENTIFIER=Intel64 Family 6 Model 23 Stepping 6, GenuineIntel



---------------  S Y S T E M  ---------------

OS: Windows 7 , 64 bit Build 7601 Service Pack 1

CPU:total 2 (2 cores per cpu, 1 threads per core) family 6 model 23 stepping 6, cmov, cx8, fxsr, mmx, sse, sse2, sse3, ssse3, sse4.1, tsc

Memory: 4k page, physical 4183544k(1351168k free), swap 8365224k(3609104k free)

vm_info: Java HotSpot(TM) 64-Bit Server VM (24.45-b08) for windows-amd64 JRE (1.7.0_45-b18), built on Oct  8 2013 05:47:22 by "java_re" with unknown MS VC++:1600

time: Sat Dec 14 15:51:22 2013
elapsed time: 1147 seconds

